[   11275ms] [INFO] %cDownload the React DevTools for a better development experience: https://reactjs.org/link/react-devtools font-weight:bold @ webpack-internal:///(app-pages-browser)/./node_modules/next/dist/compiled/react-dom/cjs/react-dom.development.js:38559
[   11524ms] [ERROR] Failed to load resource: the server responded with a status of 404 (Not Found) @ http://localhost:3001/favicon.ico:0
[ 1664476ms] [LOG] [Fast Refresh] rebuilding @ webpack-internal:///(app-pages-browser)/./node_modules/next/dist/client/components/react-dev-overlay/app/hot-reloader-client.js:186
[ 1671339ms] [LOG] [Fast Refresh] done in 6865ms @ webpack-internal:///(app-pages-browser)/./node_modules/next/dist/client/components/react-dev-overlay/app/hot-reloader-client.js:43
[ 1675128ms] [LOG] [Fast Refresh] rebuilding @ webpack-internal:///(app-pages-browser)/./node_modules/next/dist/client/components/react-dev-overlay/app/hot-reloader-client.js:186
[ 1676094ms] [LOG] [Fast Refresh] done in 967ms @ webpack-internal:///(app-pages-browser)/./node_modules/next/dist/client/components/react-dev-overlay/app/hot-reloader-client.js:43
[ 1719046ms] [LOG] [Fast Refresh] rebuilding @ webpack-internal:///(app-pages-browser)/./node_modules/next/dist/client/components/react-dev-overlay/app/hot-reloader-client.js:186
[ 1720235ms] [LOG] [Fast Refresh] rebuilding @ webpack-internal:///(app-pages-browser)/./node_modules/next/dist/client/components/react-dev-overlay/app/hot-reloader-client.js:186
[ 1720799ms] [LOG] [Fast Refresh] done in 564ms @ webpack-internal:///(app-pages-browser)/./node_modules/next/dist/client/components/react-dev-overlay/app/hot-reloader-client.js:43
[ 1721023ms] [ERROR] Failed to fetch RSC payload for http://localhost:3001/. Falling back to browser navigation. Error: Could not find the module "C:\Users\maykt\OneDrive\Documents\GitHub\ferrari-werkstatt-frankfurt\components\Navigation.jsx#default" in the React Client Manifest. This is probably a bug in the React Server Components bundler.
    at C:\Users\maykt\OneDrive\Documents\GitHub\ferrari-werkstatt-frankfurt\node_modules\next\dist\compiled\next-server\app-page.runtime.dev.js:35:267034
    at eN (C:\Users\maykt\OneDrive\Documents\GitHub\ferrari-werkstatt-frankfurt\node_modules\next\dist\compiled\next-server\app-page.runtime.dev.js:35:267229)
    at eF (C:\Users\maykt\OneDrive\Documents\GitHub\ferrari-werkstatt-frankfurt\node_modules\next\dist\compiled\next-server\app-page.runtime.dev.js:35:268895)
    at C:\Users\maykt\OneDrive\Documents\GitHub\ferrari-werkstatt-frankfurt\node_modules\next\dist\compiled\next-server\app-page.runtime.dev.js:35:265943
    at Array.toJSON (C:\Users\maykt\OneDrive\Documents\GitHub\ferrari-werkstatt-frankfurt\node_modules\next\dist\compiled\next-server\app-page.runtime.dev.js:35:266407)
    at stringify (<anonymous>)
    at eq (C:\Users\maykt\OneDrive\Documents\GitHub\ferrari-werkstatt-frankfurt\node_modules\next\dist\compiled\next-server\app-page.runtime.dev.js:35:274775)
    at ej (C:\Users\maykt\OneDrive\Documents\GitHub\ferrari-werkstatt-frankfurt\node_modules\next\dist\compiled\next-server\app-page.runtime.dev.js:35:264920)
    at e_ (C:\Users\maykt\OneDrive\Documents\GitHub\ferrari-werkstatt-frankfurt\node_modules\next\dist\compiled\next-server\app-page.runtime.dev.js:35:263962)
    at e (C:\Users\maykt\OneDrive\Documents\GitHub\ferrari-werkstatt-frankfurt\node_modules\next\dist\compiled\next-server\app-page.runtime.dev.js:35:268224)
    at eF (C:\Users\maykt\OneDrive\Documents\GitHub\ferrari-werkstatt-frankfurt\node_modules\next\dist\compiled\next-server\app-page.runtime.dev.js:35:268712)
    at C:\Users\maykt\OneDrive\Documents\GitHub\ferrari-werkstatt-frankfurt\node_modules\next\dist\compiled\next-server\app-page.runtime.dev.js:35:265943
    at Array.toJSON (C:\Users\maykt\OneDrive\Documents\GitHub\ferrari-werkstatt-frankfurt\node_modules\next\dist\compiled\next-server\app-page.runtime.dev.js:35:266407)
    at stringify (<anonymous>)
    at eq (C:\Users\maykt\OneDrive\Documents\GitHub\ferrari-werkstatt-frankfurt\node_modules\next\dist\compiled\next-server\app-page.runtime.dev.js:35:274775)
    at eJ (C:\Users\maykt\OneDrive\Documents\GitHub\ferrari-werkstatt-frankfurt\node_modules\next\dist\compiled\next-server\app-page.runtime.dev.js:35:275293)
    at AsyncLocalStorage.run (node:internal/async_local_storage/async_context_frame:63:14)
    at Timeout._onTimeout (C:\Users\maykt\OneDrive\Documents\GitHub\ferrari-werkstatt-frankfurt\node_modules\next\dist\compiled\next-server\app-page.runtime.dev.js:35:283288)
    at listOnTimeout (node:internal/timers:605:17)
    at process.processTimers (node:internal/timers:541:7) @ webpack-internal:///(app-pages-browser)/./node_modules/next/dist/client/app-index.js:32
[ 1721077ms] [LOG] [Fast Refresh] done in 842ms @ webpack-internal:///(app-pages-browser)/./node_modules/next/dist/client/components/react-dev-overlay/app/hot-reloader-client.js:43
[ 1721103ms] [ERROR] Failed to fetch RSC payload for http://localhost:3001/. Falling back to browser navigation. Error: Could not find the module "C:\Users\maykt\OneDrive\Documents\GitHub\ferrari-werkstatt-frankfurt\components\Navigation.jsx#default" in the React Client Manifest. This is probably a bug in the React Server Components bundler.
    at C:\Users\maykt\OneDrive\Documents\GitHub\ferrari-werkstatt-frankfurt\node_modules\next\dist\compiled\next-server\app-page.runtime.dev.js:35:267034
    at eN (C:\Users\maykt\OneDrive\Documents\GitHub\ferrari-werkstatt-frankfurt\node_modules\next\dist\compiled\next-server\app-page.runtime.dev.js:35:267229)
    at eF (C:\Users\maykt\OneDrive\Documents\GitHub\ferrari-werkstatt-frankfurt\node_modules\next\dist\compiled\next-server\app-page.runtime.dev.js:35:268895)
    at C:\Users\maykt\OneDrive\Documents\GitHub\ferrari-werkstatt-frankfurt\node_modules\next\dist\compiled\next-server\app-page.runtime.dev.js:35:265943
    at Array.toJSON (C:\Users\maykt\OneDrive\Documents\GitHub\ferrari-werkstatt-frankfurt\node_modules\next\dist\compiled\next-server\app-page.runtime.dev.js:35:266407)
    at stringify (<anonymous>)
    at eq (C:\Users\maykt\OneDrive\Documents\GitHub\ferrari-werkstatt-frankfurt\node_modules\next\dist\compiled\next-server\app-page.runtime.dev.js:35:274775)
    at ej (C:\Users\maykt\OneDrive\Documents\GitHub\ferrari-werkstatt-frankfurt\node_modules\next\dist\compiled\next-server\app-page.runtime.dev.js:35:264920)
    at e_ (C:\Users\maykt\OneDrive\Documents\GitHub\ferrari-werkstatt-frankfurt\node_modules\next\dist\compiled\next-server\app-page.runtime.dev.js:35:263962)
    at e (C:\Users\maykt\OneDrive\Documents\GitHub\ferrari-werkstatt-frankfurt\node_modules\next\dist\compiled\next-server\app-page.runtime.dev.js:35:268224)
    at eF (C:\Users\maykt\OneDrive\Documents\GitHub\ferrari-werkstatt-frankfurt\node_modules\next\dist\compiled\next-server\app-page.runtime.dev.js:35:268712)
    at C:\Users\maykt\OneDrive\Documents\GitHub\ferrari-werkstatt-frankfurt\node_modules\next\dist\compiled\next-server\app-page.runtime.dev.js:35:265943
    at Array.toJSON (C:\Users\maykt\OneDrive\Documents\GitHub\ferrari-werkstatt-frankfurt\node_modules\next\dist\compiled\next-server\app-page.runtime.dev.js:35:266407)
    at stringify (<anonymous>)
    at eq (C:\Users\maykt\OneDrive\Documents\GitHub\ferrari-werkstatt-frankfurt\node_modules\next\dist\compiled\next-server\app-page.runtime.dev.js:35:274775)
    at eJ (C:\Users\maykt\OneDrive\Documents\GitHub\ferrari-werkstatt-frankfurt\node_modules\next\dist\compiled\next-server\app-page.runtime.dev.js:35:275293)
    at AsyncLocalStorage.run (node:internal/async_local_storage/async_context_frame:63:14)
    at Timeout._onTimeout (C:\Users\maykt\OneDrive\Documents\GitHub\ferrari-werkstatt-frankfurt\node_modules\next\dist\compiled\next-server\app-page.runtime.dev.js:35:283288)
    at listOnTimeout (node:internal/timers:605:17)
    at process.processTimers (node:internal/timers:541:7) @ webpack-internal:///(app-pages-browser)/./node_modules/next/dist/client/app-index.js:32
[ 1721218ms] [ERROR] Failed to load resource: the server responded with a status of 500 (Internal Server Error) @ http://localhost:3001/:0
[ 1721980ms] [INFO] %cDownload the React DevTools for a better development experience: https://reactjs.org/link/react-devtools font-weight:bold @ webpack-internal:///(app-pages-browser)/./node_modules/next/dist/compiled/react-dom/cjs/react-dom.development.js:38559
[ 1722105ms] Error: Could not find the module "C:\Users\maykt\OneDrive\Documents\GitHub\ferrari-werkstatt-frankfurt\components\Navigation.jsx#default" in the React Client Manifest. This is probably a bug in the React Server Components bundler.
    at C:\Users\maykt\OneDrive\Documents\GitHub\ferrari-werkstatt-frankfurt\node_modules\next\dist\compiled\next-server\app-page.runtime.dev.js:35:267034
    at eN (C:\Users\maykt\OneDrive\Documents\GitHub\ferrari-werkstatt-frankfurt\node_modules\next\dist\compiled\next-server\app-page.runtime.dev.js:35:267229)
    at eF (C:\Users\maykt\OneDrive\Documents\GitHub\ferrari-werkstatt-frankfurt\node_modules\next\dist\compiled\next-server\app-page.runtime.dev.js:35:268895)
    at C:\Users\maykt\OneDrive\Documents\GitHub\ferrari-werkstatt-frankfurt\node_modules\next\dist\compiled\next-server\app-page.runtime.dev.js:35:265943
    at Array.toJSON (C:\Users\maykt\OneDrive\Documents\GitHub\ferrari-werkstatt-frankfurt\node_modules\next\dist\compiled\next-server\app-page.runtime.dev.js:35:266407)
    at stringify (<anonymous>)
    at eq (C:\Users\maykt\OneDrive\Documents\GitHub\ferrari-werkstatt-frankfurt\node_modules\next\dist\compiled\next-server\app-page.runtime.dev.js:35:274775)
    at ej (C:\Users\maykt\OneDrive\Documents\GitHub\ferrari-werkstatt-frankfurt\node_modules\next\dist\compiled\next-server\app-page.runtime.dev.js:35:264920)
    at e_ (C:\Users\maykt\OneDrive\Documents\GitHub\ferrari-werkstatt-frankfurt\node_modules\next\dist\compiled\next-server\app-page.runtime.dev.js:35:263962)
    at e (C:\Users\maykt\OneDrive\Documents\GitHub\ferrari-werkstatt-frankfurt\node_modules\next\dist\compiled\next-server\app-page.runtime.dev.js:35:268224)
    at eF (C:\Users\maykt\OneDrive\Documents\GitHub\ferrari-werkstatt-frankfurt\node_modules\next\dist\compiled\next-server\app-page.runtime.dev.js:35:268712)
    at C:\Users\maykt\OneDrive\Documents\GitHub\ferrari-werkstatt-frankfurt\node_modules\next\dist\compiled\next-server\app-page.runtime.dev.js:35:265943
    at Array.toJSON (C:\Users\maykt\OneDrive\Documents\GitHub\ferrari-werkstatt-frankfurt\node_modules\next\dist\compiled\next-server\app-page.runtime.dev.js:35:266407)
    at stringify (<anonymous>)
    at eq (C:\Users\maykt\OneDrive\Documents\GitHub\ferrari-werkstatt-frankfurt\node_modules\next\dist\compiled\next-server\app-page.runtime.dev.js:35:274775)
    at eJ (C:\Users\maykt\OneDrive\Documents\GitHub\ferrari-werkstatt-frankfurt\node_modules\next\dist\compiled\next-server\app-page.runtime.dev.js:35:275293)
    at Timeout._onTimeout (C:\Users\maykt\OneDrive\Documents\GitHub\ferrari-werkstatt-frankfurt\node_modules\next\dist\compiled\next-server\app-page.runtime.dev.js:35:265080)
    at listOnTimeout (node:internal/timers:605:17)
    at process.processTimers (node:internal/timers:541:7)
[ 1722115ms] Error: Could not find the module "C:\Users\maykt\OneDrive\Documents\GitHub\ferrari-werkstatt-frankfurt\components\Navigation.jsx#default" in the React Client Manifest. This is probably a bug in the React Server Components bundler.
    at C:\Users\maykt\OneDrive\Documents\GitHub\ferrari-werkstatt-frankfurt\node_modules\next\dist\compiled\next-server\app-page.runtime.dev.js:35:267034
    at eN (C:\Users\maykt\OneDrive\Documents\GitHub\ferrari-werkstatt-frankfurt\node_modules\next\dist\compiled\next-server\app-page.runtime.dev.js:35:267229)
    at eF (C:\Users\maykt\OneDrive\Documents\GitHub\ferrari-werkstatt-frankfurt\node_modules\next\dist\compiled\next-server\app-page.runtime.dev.js:35:268895)
    at C:\Users\maykt\OneDrive\Documents\GitHub\ferrari-werkstatt-frankfurt\node_modules\next\dist\compiled\next-server\app-page.runtime.dev.js:35:265943
    at Array.toJSON (C:\Users\maykt\OneDrive\Documents\GitHub\ferrari-werkstatt-frankfurt\node_modules\next\dist\compiled\next-server\app-page.runtime.dev.js:35:266407)
    at stringify (<anonymous>)
    at eq (C:\Users\maykt\OneDrive\Documents\GitHub\ferrari-werkstatt-frankfurt\node_modules\next\dist\compiled\next-server\app-page.runtime.dev.js:35:274775)
    at ej (C:\Users\maykt\OneDrive\Documents\GitHub\ferrari-werkstatt-frankfurt\node_modules\next\dist\compiled\next-server\app-page.runtime.dev.js:35:264920)
    at e_ (C:\Users\maykt\OneDrive\Documents\GitHub\ferrari-werkstatt-frankfurt\node_modules\next\dist\compiled\next-server\app-page.runtime.dev.js:35:263962)
    at e (C:\Users\maykt\OneDrive\Documents\GitHub\ferrari-werkstatt-frankfurt\node_modules\next\dist\compiled\next-server\app-page.runtime.dev.js:35:268224)
    at eF (C:\Users\maykt\OneDrive\Documents\GitHub\ferrari-werkstatt-frankfurt\node_modules\next\dist\compiled\next-server\app-page.runtime.dev.js:35:268712)
    at C:\Users\maykt\OneDrive\Documents\GitHub\ferrari-werkstatt-frankfurt\node_modules\next\dist\compiled\next-server\app-page.runtime.dev.js:35:265943
    at Array.toJSON (C:\Users\maykt\OneDrive\Documents\GitHub\ferrari-werkstatt-frankfurt\node_modules\next\dist\compiled\next-server\app-page.runtime.dev.js:35:266407)
    at stringify (<anonymous>)
    at eq (C:\Users\maykt\OneDrive\Documents\GitHub\ferrari-werkstatt-frankfurt\node_modules\next\dist\compiled\next-server\app-page.runtime.dev.js:35:274775)
    at eJ (C:\Users\maykt\OneDrive\Documents\GitHub\ferrari-werkstatt-frankfurt\node_modules\next\dist\compiled\next-server\app-page.runtime.dev.js:35:275293)
    at Timeout._onTimeout (C:\Users\maykt\OneDrive\Documents\GitHub\ferrari-werkstatt-frankfurt\node_modules\next\dist\compiled\next-server\app-page.runtime.dev.js:35:265080)
    at listOnTimeout (node:internal/timers:605:17)
    at process.processTimers (node:internal/timers:541:7)
[ 1722128ms] [ERROR] The above error occurred in the <ServerRoot> component:

    at ServerRoot (webpack-internal:///(app-pages-browser)/./node_modules/next/dist/client/app-index.js:112:27)
    at Root (webpack-internal:///(app-pages-browser)/./node_modules/next/dist/client/app-index.js:117:11)
    at ReactDevOverlay (webpack-internal:///(app-pages-browser)/./node_modules/next/dist/client/components/react-dev-overlay/app/ReactDevOverlay.js:87:9)

React will try to recreate this component tree from scratch using the error boundary you provided, ReactDevOverlay. @ webpack-internal:///(app-pages-browser)/./node_modules/next/dist/client/app-index.js:32
[ 1725339ms] [WARNING] The resource http://localhost:3001/_next/static/css/app/layout.css?v=1775766320649 was preloaded using link preload but not used within a few seconds from the window's load event. Please make sure it has an appropriate `as` value and it is preloaded intentionally. @ http://localhost:3001/:0
[ 1732136ms] [ERROR] Failed to load resource: the server responded with a status of 500 (Internal Server Error) @ http://localhost:3001/:0
[ 1732494ms] [INFO] %cDownload the React DevTools for a better development experience: https://reactjs.org/link/react-devtools font-weight:bold @ webpack-internal:///(app-pages-browser)/./node_modules/next/dist/compiled/react-dom/cjs/react-dom.development.js:38559
[ 1732539ms] Error: Could not find the module "C:\Users\maykt\OneDrive\Documents\GitHub\ferrari-werkstatt-frankfurt\components\Navigation.jsx#default" in the React Client Manifest. This is probably a bug in the React Server Components bundler.
    at C:\Users\maykt\OneDrive\Documents\GitHub\ferrari-werkstatt-frankfurt\node_modules\next\dist\compiled\next-server\app-page.runtime.dev.js:35:267034
    at eN (C:\Users\maykt\OneDrive\Documents\GitHub\ferrari-werkstatt-frankfurt\node_modules\next\dist\compiled\next-server\app-page.runtime.dev.js:35:267229)
    at eF (C:\Users\maykt\OneDrive\Documents\GitHub\ferrari-werkstatt-frankfurt\node_modules\next\dist\compiled\next-server\app-page.runtime.dev.js:35:268895)
    at C:\Users\maykt\OneDrive\Documents\GitHub\ferrari-werkstatt-frankfurt\node_modules\next\dist\compiled\next-server\app-page.runtime.dev.js:35:265943
    at Array.toJSON (C:\Users\maykt\OneDrive\Documents\GitHub\ferrari-werkstatt-frankfurt\node_modules\next\dist\compiled\next-server\app-page.runtime.dev.js:35:266407)
    at stringify (<anonymous>)
    at eq (C:\Users\maykt\OneDrive\Documents\GitHub\ferrari-werkstatt-frankfurt\node_modules\next\dist\compiled\next-server\app-page.runtime.dev.js:35:274775)
    at ej (C:\Users\maykt\OneDrive\Documents\GitHub\ferrari-werkstatt-frankfurt\node_modules\next\dist\compiled\next-server\app-page.runtime.dev.js:35:264920)
    at e_ (C:\Users\maykt\OneDrive\Documents\GitHub\ferrari-werkstatt-frankfurt\node_modules\next\dist\compiled\next-server\app-page.runtime.dev.js:35:263962)
    at e (C:\Users\maykt\OneDrive\Documents\GitHub\ferrari-werkstatt-frankfurt\node_modules\next\dist\compiled\next-server\app-page.runtime.dev.js:35:268224)
    at eF (C:\Users\maykt\OneDrive\Documents\GitHub\ferrari-werkstatt-frankfurt\node_modules\next\dist\compiled\next-server\app-page.runtime.dev.js:35:268712)
    at C:\Users\maykt\OneDrive\Documents\GitHub\ferrari-werkstatt-frankfurt\node_modules\next\dist\compiled\next-server\app-page.runtime.dev.js:35:265943
    at Array.toJSON (C:\Users\maykt\OneDrive\Documents\GitHub\ferrari-werkstatt-frankfurt\node_modules\next\dist\compiled\next-server\app-page.runtime.dev.js:35:266407)
    at stringify (<anonymous>)
    at eq (C:\Users\maykt\OneDrive\Documents\GitHub\ferrari-werkstatt-frankfurt\node_modules\next\dist\compiled\next-server\app-page.runtime.dev.js:35:274775)
    at eJ (C:\Users\maykt\OneDrive\Documents\GitHub\ferrari-werkstatt-frankfurt\node_modules\next\dist\compiled\next-server\app-page.runtime.dev.js:35:275293)
    at Timeout._onTimeout (C:\Users\maykt\OneDrive\Documents\GitHub\ferrari-werkstatt-frankfurt\node_modules\next\dist\compiled\next-server\app-page.runtime.dev.js:35:265080)
    at listOnTimeout (node:internal/timers:605:17)
    at process.processTimers (node:internal/timers:541:7)
[ 1732540ms] Error: Could not find the module "C:\Users\maykt\OneDrive\Documents\GitHub\ferrari-werkstatt-frankfurt\components\Navigation.jsx#default" in the React Client Manifest. This is probably a bug in the React Server Components bundler.
    at C:\Users\maykt\OneDrive\Documents\GitHub\ferrari-werkstatt-frankfurt\node_modules\next\dist\compiled\next-server\app-page.runtime.dev.js:35:267034
    at eN (C:\Users\maykt\OneDrive\Documents\GitHub\ferrari-werkstatt-frankfurt\node_modules\next\dist\compiled\next-server\app-page.runtime.dev.js:35:267229)
    at eF (C:\Users\maykt\OneDrive\Documents\GitHub\ferrari-werkstatt-frankfurt\node_modules\next\dist\compiled\next-server\app-page.runtime.dev.js:35:268895)
    at C:\Users\maykt\OneDrive\Documents\GitHub\ferrari-werkstatt-frankfurt\node_modules\next\dist\compiled\next-server\app-page.runtime.dev.js:35:265943
    at Array.toJSON (C:\Users\maykt\OneDrive\Documents\GitHub\ferrari-werkstatt-frankfurt\node_modules\next\dist\compiled\next-server\app-page.runtime.dev.js:35:266407)
    at stringify (<anonymous>)
    at eq (C:\Users\maykt\OneDrive\Documents\GitHub\ferrari-werkstatt-frankfurt\node_modules\next\dist\compiled\next-server\app-page.runtime.dev.js:35:274775)
    at ej (C:\Users\maykt\OneDrive\Documents\GitHub\ferrari-werkstatt-frankfurt\node_modules\next\dist\compiled\next-server\app-page.runtime.dev.js:35:264920)
    at e_ (C:\Users\maykt\OneDrive\Documents\GitHub\ferrari-werkstatt-frankfurt\node_modules\next\dist\compiled\next-server\app-page.runtime.dev.js:35:263962)
    at e (C:\Users\maykt\OneDrive\Documents\GitHub\ferrari-werkstatt-frankfurt\node_modules\next\dist\compiled\next-server\app-page.runtime.dev.js:35:268224)
    at eF (C:\Users\maykt\OneDrive\Documents\GitHub\ferrari-werkstatt-frankfurt\node_modules\next\dist\compiled\next-server\app-page.runtime.dev.js:35:268712)
    at C:\Users\maykt\OneDrive\Documents\GitHub\ferrari-werkstatt-frankfurt\node_modules\next\dist\compiled\next-server\app-page.runtime.dev.js:35:265943
    at Array.toJSON (C:\Users\maykt\OneDrive\Documents\GitHub\ferrari-werkstatt-frankfurt\node_modules\next\dist\compiled\next-server\app-page.runtime.dev.js:35:266407)
    at stringify (<anonymous>)
    at eq (C:\Users\maykt\OneDrive\Documents\GitHub\ferrari-werkstatt-frankfurt\node_modules\next\dist\compiled\next-server\app-page.runtime.dev.js:35:274775)
    at eJ (C:\Users\maykt\OneDrive\Documents\GitHub\ferrari-werkstatt-frankfurt\node_modules\next\dist\compiled\next-server\app-page.runtime.dev.js:35:275293)
    at Timeout._onTimeout (C:\Users\maykt\OneDrive\Documents\GitHub\ferrari-werkstatt-frankfurt\node_modules\next\dist\compiled\next-server\app-page.runtime.dev.js:35:265080)
    at listOnTimeout (node:internal/timers:605:17)
    at process.processTimers (node:internal/timers:541:7)
[ 1732538ms] [ERROR] The above error occurred in the <ServerRoot> component:

    at ServerRoot (webpack-internal:///(app-pages-browser)/./node_modules/next/dist/client/app-index.js:112:27)
    at Root (webpack-internal:///(app-pages-browser)/./node_modules/next/dist/client/app-index.js:117:11)
    at ReactDevOverlay (webpack-internal:///(app-pages-browser)/./node_modules/next/dist/client/components/react-dev-overlay/app/ReactDevOverlay.js:87:9)

React will try to recreate this component tree from scratch using the error boundary you provided, ReactDevOverlay. @ webpack-internal:///(app-pages-browser)/./node_modules/next/dist/client/app-index.js:32
[ 1735620ms] [WARNING] The resource http://localhost:3001/_next/static/css/app/layout.css?v=1775766331551 was preloaded using link preload but not used within a few seconds from the window's load event. Please make sure it has an appropriate `as` value and it is preloaded intentionally. @ http://localhost:3001/:0
